<?xml version="1.0" encoding="UTF-8"?>
<!-- Generated by org.testng.reporters.JUnitXMLReporter -->
<testsuite ignored="2" hostname="2022RMD0278.local" failures="0" tests="1" name="Default test" time="17.389" errors="0" timestamp="2024-03-15T23:06:32 PST">
  <testcase classname="testCases.DemoTest" name="enterCredentials" time="4.236"/>
  <testcase classname="testCases.DemoTest" name="clearCredentials" time="0.0">
    <ignored/>
  </testcase> <!-- clearCredentials -->
  <testcase classname="testCases.DemoTest" name="clickLogin" time="0.0">
    <ignored/>
  </testcase> <!-- clickLogin -->
</testsuite> <!-- Default test -->
