<?xml version="1.0" encoding="UTF-8"?>
<!-- Generated by org.testng.reporters.JUnitXMLReporter -->
<testsuite ignored="1" hostname="2022RMD0278.local" failures="2" tests="2" name="Test(failed)(failed)(failed)(failed)" time="0.052" errors="0" timestamp="2024-03-15T22:53:58 PST">
  <testcase classname="testCases.DemoTest" name="enterCredentials" time="0.01">
    <failure type="java.lang.NullPointerException" message="Cannot invoke &amp;quot;org.openqa.selenium.WebDriver.findElement(org.openqa.selenium.By)&amp;quot; because &amp;quot;testCases.DemoTest.driver&amp;quot; is null">
      <![CDATA[java.lang.NullPointerException: Cannot invoke "org.openqa.selenium.WebDriver.findElement(org.openqa.selenium.By)" because "testCases.DemoTest.driver" is null
at testCases.DemoTest.keyinUserName(DemoTest.java:54)
at testCases.DemoTest.enterCredentials(DemoTest.java:20)
at java.base/java.util.ArrayList.forEach(ArrayList.java:1511)
... Removed 27 stack frames]]>
    </failure>
  </testcase> <!-- enterCredentials -->
  <testcase classname="testCases.DemoTest" name="clickLogin" time="0.003">
    <failure type="java.lang.NullPointerException" message="Cannot invoke &amp;quot;org.openqa.selenium.WebDriver.findElement(org.openqa.selenium.By)&amp;quot; because &amp;quot;testCases.DemoTest.driver&amp;quot; is null">
      <![CDATA[java.lang.NullPointerException: Cannot invoke "org.openqa.selenium.WebDriver.findElement(org.openqa.selenium.By)" because "testCases.DemoTest.driver" is null
at testCases.DemoTest.clickLoginButton(DemoTest.java:67)
at testCases.DemoTest.clickLogin(DemoTest.java:25)
at java.base/java.util.ArrayList.forEach(ArrayList.java:1511)
... Removed 27 stack frames]]>
    </failure>
  </testcase> <!-- clickLogin -->
  <testcase classname="testCases.DemoTest" name="clearCredentials" time="0.0">
    <ignored/>
  </testcase> <!-- clearCredentials -->
</testsuite> <!-- Test(failed)(failed)(failed)(failed) -->
