<?xml version="1.0" encoding="UTF-8"?>
<!-- Generated by org.testng.reporters.JUnitXMLReporter -->
<testsuite ignored="0" hostname="2022RMD0278.local" failures="0" tests="3" name="Test" time="16.425" errors="0" timestamp="2024-03-16T06:09:22 PST">
  <testcase classname="testCases.DemoTest" name="enterCredentials" time="6.193"/>
  <testcase classname="testCases.DemoTest" name="clickLogin" time="0.951"/>
  <testcase classname="testCases.DemoTest" name="clearCredentials" time="0.627"/>
</testsuite> <!-- Test -->
